{"pc":0,"op":97,"gas":"0xe0","gasCost":"0x3","memSize":0,"stack":[],"returnData":"0x","depth":1,"refund":0,"opName":"PUSH2"}
{"pc":3,"op":96,"gas":"0xdd","gasCost":"0x3","memSize":0,"stack":["0x1"],"returnData":"0x","depth":1,"refund":0,"opName":"PUSH1"}
{"pc":5,"op":129,"gas":"0xda","gasCost":"0x3","memSize":0,"stack":["0x1","0x0"],"returnData":"0x","depth":1,"refund":0,"opName":"DUP2"}
{"pc":6,"op":96,"gas":"0xd7","gasCost":"0x3","memSize":0,"stack":["0x1","0x0","0x1"],"returnData":"0x","depth":1,"refund":0,"opName":"PUSH1"}
{"pc":8,"op":130,"gas":"0xd4","gasCost":"0x3","memSize":0,"stack":["0x1","0x0","0x1","0xb"],"returnData":"0x","depth":1,"refund":0,"opName":"DUP3"}
{"pc":9,"op":57,"gas":"0xd1","gasCost":"0x9","memSize":0,"stack":["0x1","0x0","0x1","0xb","0x0"],"returnData":"0x","depth":1,"refund":0,"opName":"CODECOPY"}
{"pc":10,"op":243,"gas":"0xc8","gasCost":"0x0","memory":"0x0000000000000000000000000000000000000000000000000000000000000000","memSize":32,"stack":["0x1","0x0"],"returnData":"0x","depth":1,"refund":0,"opName":"RETURN"}
{"output":"00","gasUsed":"0xe0"}
{"stateRoot": "0x002dbeb38ac5e4a0fa10f401912dac3ed018f6f974cfcd9c6952ebdf4903132b"}
{"pc":0,"op":97,"gas":"0x0","gasCost":"0x3","memSize":0,"stack":[],"returnData":"0x","depth":1,"refund":0,"opName":"PUSH2","error":"OutOfGasError"}
{"output":"","gasUsed":"0x0","error":"OutOfGasError"}
{"stateRoot": "0xb033ddfa8acb57d28a38f06a254a62551b55d74f6f7b8e897066bb8388e2327e"}
{"pc":0,"op":97,"gas":"0xdf","gasCost":"0x3","memSize":0,"stack":[],"returnData":"0x","depth":1,"refund":0,"opName":"PUSH2"}
{"pc":3,"op":96,"gas":"0xdc","gasCost":"0x3","memSize":0,"stack":["0x1"],"returnData":"0x","depth":1,"refund":0,"opName":"PUSH1"}
{"pc":5,"op":129,"gas":"0xd9","gasCost":"0x3","memSize":0,"stack":["0x1","0x0"],"returnData":"0x","depth":1,"refund":0,"opName":"DUP2"}
{"pc":6,"op":96,"gas":"0xd6","gasCost":"0x3","memSize":0,"stack":["0x1","0x0","0x1"],"returnData":"0x","depth":1,"refund":0,"opName":"PUSH1"}
{"pc":8,"op":130,"gas":"0xd3","gasCost":"0x3","memSize":0,"stack":["0x1","0x0","0x1","0xb"],"returnData":"0x","depth":1,"refund":0,"opName":"DUP3"}
{"pc":9,"op":57,"gas":"0xd0","gasCost":"0x9","memSize":0,"stack":["0x1","0x0","0x1","0xb","0x0"],"returnData":"0x","depth":1,"refund":0,"opName":"CODECOPY"}
{"pc":10,"op":243,"gas":"0xc7","gasCost":"0x0","memory":"0x0000000000000000000000000000000000000000000000000000000000000000","memSize":32,"stack":["0x1","0x0"],"returnData":"0x","depth":1,"refund":0,"opName":"RETURN"}
{"output":"","gasUsed":"0xdf","error":"OutOfGasError"}
{"stateRoot": "0xa6ce944a195342f842afe9ae6a21f2828ff886604800f0f2c60e37d82f281a30"}
# WARNING:T8N:Transaction 0 failed: Insufficient gas
{"stateRoot": "0x70c42824108fafccadbfce71e6e22660c4fad89be18be324cd15ef351969a8c8"}
{"pc":0,"op":97,"gas":"0xe0","gasCost":"0x3","memSize":0,"stack":[],"returnData":"0x","depth":1,"refund":0,"opName":"PUSH2"}
{"pc":3,"op":96,"gas":"0xdd","gasCost":"0x3","memSize":0,"stack":["0x1"],"returnData":"0x","depth":1,"refund":0,"opName":"PUSH1"}
{"pc":5,"op":129,"gas":"0xda","gasCost":"0x3","memSize":0,"stack":["0x1","0x0"],"returnData":"0x","depth":1,"refund":0,"opName":"DUP2"}
{"pc":6,"op":96,"gas":"0xd7","gasCost":"0x3","memSize":0,"stack":["0x1","0x0","0x1"],"returnData":"0x","depth":1,"refund":0,"opName":"PUSH1"}
{"pc":8,"op":130,"gas":"0xd4","gasCost":"0x3","memSize":0,"stack":["0x1","0x0","0x1","0xb"],"returnData":"0x","depth":1,"refund":0,"opName":"DUP3"}
{"pc":9,"op":57,"gas":"0xd1","gasCost":"0x9","memSize":0,"stack":["0x1","0x0","0x1","0xb","0x0"],"returnData":"0x","depth":1,"refund":0,"opName":"CODECOPY"}
{"pc":10,"op":243,"gas":"0xc8","gasCost":"0x0","memory":"0x0000000000000000000000000000000000000000000000000000000000000000","memSize":32,"stack":["0x1","0x0"],"returnData":"0x","depth":1,"refund":0,"opName":"RETURN"}
{"output":"00","gasUsed":"0xe0"}
{"stateRoot": "0x9142e41e0138a0e5e417263b3c014a2542ebd602c8dc30b9db21181a1177efb7"}
{"pc":0,"op":97,"gas":"0x0","gasCost":"0x3","memSize":0,"stack":[],"returnData":"0x","depth":1,"refund":0,"opName":"PUSH2","error":"OutOfGasError"}
{"output":"","gasUsed":"0x0","error":"OutOfGasError"}
{"stateRoot": "0xbfe093de7237a2af58c0d85cb69165e2b00dd700252772ce60ae602ca365d0e3"}
{"pc":0,"op":97,"gas":"0xdf","gasCost":"0x3","memSize":0,"stack":[],"returnData":"0x","depth":1,"refund":0,"opName":"PUSH2"}
{"pc":3,"op":96,"gas":"0xdc","gasCost":"0x3","memSize":0,"stack":["0x1"],"returnData":"0x","depth":1,"refund":0,"opName":"PUSH1"}
{"pc":5,"op":129,"gas":"0xd9","gasCost":"0x3","memSize":0,"stack":["0x1","0x0"],"returnData":"0x","depth":1,"refund":0,"opName":"DUP2"}
{"pc":6,"op":96,"gas":"0xd6","gasCost":"0x3","memSize":0,"stack":["0x1","0x0","0x1"],"returnData":"0x","depth":1,"refund":0,"opName":"PUSH1"}
{"pc":8,"op":130,"gas":"0xd3","gasCost":"0x3","memSize":0,"stack":["0x1","0x0","0x1","0xb"],"returnData":"0x","depth":1,"refund":0,"opName":"DUP3"}
{"pc":9,"op":57,"gas":"0xd0","gasCost":"0x9","memSize":0,"stack":["0x1","0x0","0x1","0xb","0x0"],"returnData":"0x","depth":1,"refund":0,"opName":"CODECOPY"}
{"pc":10,"op":243,"gas":"0xc7","gasCost":"0x0","memory":"0x0000000000000000000000000000000000000000000000000000000000000000","memSize":32,"stack":["0x1","0x0"],"returnData":"0x","depth":1,"refund":0,"opName":"RETURN"}
{"output":"","gasUsed":"0xdf","error":"OutOfGasError"}
{"stateRoot": "0xdabb3c94510ff95c95932898783186c0b1482b43655d095a954c50ee42cc25fc"}
# WARNING:T8N:Transaction 0 failed: Insufficient gas
{"stateRoot": "0x70c42824108fafccadbfce71e6e22660c4fad89be18be324cd15ef351969a8c8"}
{"pc":0,"op":97,"gas":"0xe0","gasCost":"0x3","memSize":0,"stack":[],"returnData":"0x","depth":1,"refund":0,"opName":"PUSH2"}
{"pc":3,"op":96,"gas":"0xdd","gasCost":"0x3","memSize":0,"stack":["0x1"],"returnData":"0x","depth":1,"refund":0,"opName":"PUSH1"}
{"pc":5,"op":129,"gas":"0xda","gasCost":"0x3","memSize":0,"stack":["0x1","0x0"],"returnData":"0x","depth":1,"refund":0,"opName":"DUP2"}
{"pc":6,"op":96,"gas":"0xd7","gasCost":"0x3","memSize":0,"stack":["0x1","0x0","0x1"],"returnData":"0x","depth":1,"refund":0,"opName":"PUSH1"}
{"pc":8,"op":130,"gas":"0xd4","gasCost":"0x3","memSize":0,"stack":["0x1","0x0","0x1","0xb"],"returnData":"0x","depth":1,"refund":0,"opName":"DUP3"}
{"pc":9,"op":57,"gas":"0xd1","gasCost":"0x9","memSize":0,"stack":["0x1","0x0","0x1","0xb","0x0"],"returnData":"0x","depth":1,"refund":0,"opName":"CODECOPY"}
{"pc":10,"op":243,"gas":"0xc8","gasCost":"0x0","memory":"0x0000000000000000000000000000000000000000000000000000000000000000","memSize":32,"stack":["0x1","0x0"],"returnData":"0x","depth":1,"refund":0,"opName":"RETURN"}
{"output":"00","gasUsed":"0xe0"}
{"stateRoot": "0x9c10c7001215d64d71bd02005d4c90ff60058dfd2e621fba08dbadbec0631a8e"}
{"pc":0,"op":97,"gas":"0x0","gasCost":"0x3","memSize":0,"stack":[],"returnData":"0x","depth":1,"refund":0,"opName":"PUSH2","error":"OutOfGasError"}
{"output":"","gasUsed":"0x0","error":"OutOfGasError"}
{"stateRoot": "0x578f1e2cd4dc3d211d72b4e8f1e808020df587f216cd4de6177c1a4ae8e498f2"}
{"pc":0,"op":97,"gas":"0xdf","gasCost":"0x3","memSize":0,"stack":[],"returnData":"0x","depth":1,"refund":0,"opName":"PUSH2"}
{"pc":3,"op":96,"gas":"0xdc","gasCost":"0x3","memSize":0,"stack":["0x1"],"returnData":"0x","depth":1,"refund":0,"opName":"PUSH1"}
{"pc":5,"op":129,"gas":"0xd9","gasCost":"0x3","memSize":0,"stack":["0x1","0x0"],"returnData":"0x","depth":1,"refund":0,"opName":"DUP2"}
{"pc":6,"op":96,"gas":"0xd6","gasCost":"0x3","memSize":0,"stack":["0x1","0x0","0x1"],"returnData":"0x","depth":1,"refund":0,"opName":"PUSH1"}
{"pc":8,"op":130,"gas":"0xd3","gasCost":"0x3","memSize":0,"stack":["0x1","0x0","0x1","0xb"],"returnData":"0x","depth":1,"refund":0,"opName":"DUP3"}
{"pc":9,"op":57,"gas":"0xd0","gasCost":"0x9","memSize":0,"stack":["0x1","0x0","0x1","0xb","0x0"],"returnData":"0x","depth":1,"refund":0,"opName":"CODECOPY"}
{"pc":10,"op":243,"gas":"0xc7","gasCost":"0x0","memory":"0x0000000000000000000000000000000000000000000000000000000000000000","memSize":32,"stack":["0x1","0x0"],"returnData":"0x","depth":1,"refund":0,"opName":"RETURN"}
{"output":"","gasUsed":"0xdf","error":"OutOfGasError"}
{"stateRoot": "0x95c05c65163e9d70790cf82233fb149c06757604c5ea885db888c16464bea7ed"}
# WARNING:T8N:Transaction 0 failed: Insufficient gas
{"stateRoot": "0x70c42824108fafccadbfce71e6e22660c4fad89be18be324cd15ef351969a8c8"}
{"pc":0,"op":97,"gas":"0xe0","gasCost":"0x3","memSize":0,"stack":[],"returnData":"0x","depth":1,"refund":0,"opName":"PUSH2"}
{"pc":3,"op":96,"gas":"0xdd","gasCost":"0x3","memSize":0,"stack":["0x1"],"returnData":"0x","depth":1,"refund":0,"opName":"PUSH1"}
{"pc":5,"op":129,"gas":"0xda","gasCost":"0x3","memSize":0,"stack":["0x1","0x0"],"returnData":"0x","depth":1,"refund":0,"opName":"DUP2"}
{"pc":6,"op":96,"gas":"0xd7","gasCost":"0x3","memSize":0,"stack":["0x1","0x0","0x1"],"returnData":"0x","depth":1,"refund":0,"opName":"PUSH1"}
{"pc":8,"op":130,"gas":"0xd4","gasCost":"0x3","memSize":0,"stack":["0x1","0x0","0x1","0xb"],"returnData":"0x","depth":1,"refund":0,"opName":"DUP3"}
{"pc":9,"op":57,"gas":"0xd1","gasCost":"0x9","memSize":0,"stack":["0x1","0x0","0x1","0xb","0x0"],"returnData":"0x","depth":1,"refund":0,"opName":"CODECOPY"}
{"pc":10,"op":243,"gas":"0xc8","gasCost":"0x0","memory":"0x0000000000000000000000000000000000000000000000000000000000000000","memSize":32,"stack":["0x1","0x0"],"returnData":"0x","depth":1,"refund":0,"opName":"RETURN"}
{"output":"00","gasUsed":"0xe0"}
{"stateRoot": "0x79a23fe49325fc47b6c3d1ef8852b7592a1903156ad6e19c9fb72c2a6aa66efd"}
{"pc":0,"op":97,"gas":"0x0","gasCost":"0x3","memSize":0,"stack":[],"returnData":"0x","depth":1,"refund":0,"opName":"PUSH2","error":"OutOfGasError"}
{"output":"","gasUsed":"0x0","error":"OutOfGasError"}
{"stateRoot": "0x134d311b8b850c664189b9a46f29cfd62e804e8ce1404aec45cfdabe5a5757cd"}
{"pc":0,"op":97,"gas":"0xdf","gasCost":"0x3","memSize":0,"stack":[],"returnData":"0x","depth":1,"refund":0,"opName":"PUSH2"}
{"pc":3,"op":96,"gas":"0xdc","gasCost":"0x3","memSize":0,"stack":["0x1"],"returnData":"0x","depth":1,"refund":0,"opName":"PUSH1"}
{"pc":5,"op":129,"gas":"0xd9","gasCost":"0x3","memSize":0,"stack":["0x1","0x0"],"returnData":"0x","depth":1,"refund":0,"opName":"DUP2"}
{"pc":6,"op":96,"gas":"0xd6","gasCost":"0x3","memSize":0,"stack":["0x1","0x0","0x1"],"returnData":"0x","depth":1,"refund":0,"opName":"PUSH1"}
{"pc":8,"op":130,"gas":"0xd3","gasCost":"0x3","memSize":0,"stack":["0x1","0x0","0x1","0xb"],"returnData":"0x","depth":1,"refund":0,"opName":"DUP3"}
{"pc":9,"op":57,"gas":"0xd0","gasCost":"0x9","memSize":0,"stack":["0x1","0x0","0x1","0xb","0x0"],"returnData":"0x","depth":1,"refund":0,"opName":"CODECOPY"}
{"pc":10,"op":243,"gas":"0xc7","gasCost":"0x0","memory":"0x0000000000000000000000000000000000000000000000000000000000000000","memSize":32,"stack":["0x1","0x0"],"returnData":"0x","depth":1,"refund":0,"opName":"RETURN"}
{"output":"","gasUsed":"0xdf","error":"OutOfGasError"}
{"stateRoot": "0x02df41f60aff371a7220c9e6ea91bd0d5e504b7fb762ac2e04083f2660c92c49"}
# WARNING:T8N:Transaction 0 failed: Insufficient gas
{"stateRoot": "0x70c42824108fafccadbfce71e6e22660c4fad89be18be324cd15ef351969a8c8"}
{"output":"","gasUsed":"0x0"}
{"stateRoot": "0x6aab55437a039c72d19076cbef0319b074e64483e9583a6bbd011187f8a6085e"}
{"output":"","gasUsed":"0x0"}
{"stateRoot": "0x6aab55437a039c72d19076cbef0319b074e64483e9583a6bbd011187f8a6085e"}
# WARNING:T8N:Transaction 0 failed: Insufficient gas
{"stateRoot": "0x70c42824108fafccadbfce71e6e22660c4fad89be18be324cd15ef351969a8c8"}
{"pc":0,"op":97,"gas":"0xe0","gasCost":"0x3","memSize":0,"stack":[],"returnData":"0x","depth":1,"refund":0,"opName":"PUSH2"}
{"pc":3,"op":96,"gas":"0xdd","gasCost":"0x3","memSize":0,"stack":["0x1"],"returnData":"0x","depth":1,"refund":0,"opName":"PUSH1"}
{"pc":5,"op":129,"gas":"0xda","gasCost":"0x3","memSize":0,"stack":["0x1","0x0"],"returnData":"0x","depth":1,"refund":0,"opName":"DUP2"}
{"pc":6,"op":96,"gas":"0xd7","gasCost":"0x3","memSize":0,"stack":["0x1","0x0","0x1"],"returnData":"0x","depth":1,"refund":0,"opName":"PUSH1"}
{"pc":8,"op":130,"gas":"0xd4","gasCost":"0x3","memSize":0,"stack":["0x1","0x0","0x1","0xb"],"returnData":"0x","depth":1,"refund":0,"opName":"DUP3"}
{"pc":9,"op":57,"gas":"0xd1","gasCost":"0x9","memSize":0,"stack":["0x1","0x0","0x1","0xb","0x0"],"returnData":"0x","depth":1,"refund":0,"opName":"CODECOPY"}
{"pc":10,"op":243,"gas":"0xc8","gasCost":"0x0","memory":"0x0000000000000000000000000000000000000000000000000000000000000000","memSize":32,"stack":["0x1","0x0"],"returnData":"0x","depth":1,"refund":0,"opName":"RETURN"}
{"output":"00","gasUsed":"0xe0"}
{"stateRoot": "0x60d356e3b89b0e2ea4c651d7f9b044d48c5444069a2aa12ccc40eec002b36fd3"}
{"pc":0,"op":97,"gas":"0x0","gasCost":"0x3","memSize":0,"stack":[],"returnData":"0x","depth":1,"refund":0,"opName":"PUSH2","error":"OutOfGasError"}
{"output":"","gasUsed":"0x0","error":"OutOfGasError"}
{"stateRoot": "0xc5455b936cfaa7967721c881fdfdabd98a85587520fa64d0cb531a885b3740fb"}
{"pc":0,"op":97,"gas":"0xdf","gasCost":"0x3","memSize":0,"stack":[],"returnData":"0x","depth":1,"refund":0,"opName":"PUSH2"}
{"pc":3,"op":96,"gas":"0xdc","gasCost":"0x3","memSize":0,"stack":["0x1"],"returnData":"0x","depth":1,"refund":0,"opName":"PUSH1"}
{"pc":5,"op":129,"gas":"0xd9","gasCost":"0x3","memSize":0,"stack":["0x1","0x0"],"returnData":"0x","depth":1,"refund":0,"opName":"DUP2"}
{"pc":6,"op":96,"gas":"0xd6","gasCost":"0x3","memSize":0,"stack":["0x1","0x0","0x1"],"returnData":"0x","depth":1,"refund":0,"opName":"PUSH1"}
{"pc":8,"op":130,"gas":"0xd3","gasCost":"0x3","memSize":0,"stack":["0x1","0x0","0x1","0xb"],"returnData":"0x","depth":1,"refund":0,"opName":"DUP3"}
{"pc":9,"op":57,"gas":"0xd0","gasCost":"0x9","memSize":0,"stack":["0x1","0x0","0x1","0xb","0x0"],"returnData":"0x","depth":1,"refund":0,"opName":"CODECOPY"}
{"pc":10,"op":243,"gas":"0xc7","gasCost":"0x0","memory":"0x0000000000000000000000000000000000000000000000000000000000000000","memSize":32,"stack":["0x1","0x0"],"returnData":"0x","depth":1,"refund":0,"opName":"RETURN"}
{"output":"","gasUsed":"0xdf","error":"OutOfGasError"}
{"stateRoot": "0x39cb4a81a24b751023b03ceb73ca85f62056b953102c4a41bb016a5d5fb2a7d2"}
# WARNING:T8N:Transaction 0 failed: Insufficient gas
{"stateRoot": "0x70c42824108fafccadbfce71e6e22660c4fad89be18be324cd15ef351969a8c8"}
{"pc":0,"op":97,"gas":"0xe0","gasCost":"0x3","memSize":0,"stack":[],"returnData":"0x","depth":1,"refund":0,"opName":"PUSH2"}
{"pc":3,"op":96,"gas":"0xdd","gasCost":"0x3","memSize":0,"stack":["0x1"],"returnData":"0x","depth":1,"refund":0,"opName":"PUSH1"}
{"pc":5,"op":129,"gas":"0xda","gasCost":"0x3","memSize":0,"stack":["0x1","0x0"],"returnData":"0x","depth":1,"refund":0,"opName":"DUP2"}
{"pc":6,"op":96,"gas":"0xd7","gasCost":"0x3","memSize":0,"stack":["0x1","0x0","0x1"],"returnData":"0x","depth":1,"refund":0,"opName":"PUSH1"}
{"pc":8,"op":130,"gas":"0xd4","gasCost":"0x3","memSize":0,"stack":["0x1","0x0","0x1","0xb"],"returnData":"0x","depth":1,"refund":0,"opName":"DUP3"}
{"pc":9,"op":57,"gas":"0xd1","gasCost":"0x9","memSize":0,"stack":["0x1","0x0","0x1","0xb","0x0"],"returnData":"0x","depth":1,"refund":0,"opName":"CODECOPY"}
{"pc":10,"op":243,"gas":"0xc8","gasCost":"0x0","memory":"0x0000000000000000000000000000000000000000000000000000000000000000","memSize":32,"stack":["0x1","0x0"],"returnData":"0x","depth":1,"refund":0,"opName":"RETURN"}
{"output":"00","gasUsed":"0xe0"}
{"stateRoot": "0xa75d4513b616285a12e892d3d043f16eb40bbdfb0d9a137af64d588b5f046d97"}
{"pc":0,"op":97,"gas":"0x0","gasCost":"0x3","memSize":0,"stack":[],"returnData":"0x","depth":1,"refund":0,"opName":"PUSH2","error":"OutOfGasError"}
{"output":"","gasUsed":"0x0","error":"OutOfGasError"}
{"stateRoot": "0xad9d2387237c77ac53e9a7d990a70b3ef86179e3aa0769605e458b8eccf6a900"}
{"pc":0,"op":97,"gas":"0xdf","gasCost":"0x3","memSize":0,"stack":[],"returnData":"0x","depth":1,"refund":0,"opName":"PUSH2"}
{"pc":3,"op":96,"gas":"0xdc","gasCost":"0x3","memSize":0,"stack":["0x1"],"returnData":"0x","depth":1,"refund":0,"opName":"PUSH1"}
{"pc":5,"op":129,"gas":"0xd9","gasCost":"0x3","memSize":0,"stack":["0x1","0x0"],"returnData":"0x","depth":1,"refund":0,"opName":"DUP2"}
{"pc":6,"op":96,"gas":"0xd6","gasCost":"0x3","memSize":0,"stack":["0x1","0x0","0x1"],"returnData":"0x","depth":1,"refund":0,"opName":"PUSH1"}
{"pc":8,"op":130,"gas":"0xd3","gasCost":"0x3","memSize":0,"stack":["0x1","0x0","0x1","0xb"],"returnData":"0x","depth":1,"refund":0,"opName":"DUP3"}
{"pc":9,"op":57,"gas":"0xd0","gasCost":"0x9","memSize":0,"stack":["0x1","0x0","0x1","0xb","0x0"],"returnData":"0x","depth":1,"refund":0,"opName":"CODECOPY"}
{"pc":10,"op":243,"gas":"0xc7","gasCost":"0x0","memory":"0x0000000000000000000000000000000000000000000000000000000000000000","memSize":32,"stack":["0x1","0x0"],"returnData":"0x","depth":1,"refund":0,"opName":"RETURN"}
{"output":"","gasUsed":"0xdf","error":"OutOfGasError"}
{"stateRoot": "0xf92667c3da89248672bd309fb4883d3d60e86630a914076407e1de623b444a11"}
# WARNING:T8N:Transaction 0 failed: Insufficient gas
{"stateRoot": "0x70c42824108fafccadbfce71e6e22660c4fad89be18be324cd15ef351969a8c8"}
{"pc":0,"op":0,"gas":"0x0","gasCost":"0x0","memSize":0,"stack":[],"returnData":"0x","depth":1,"refund":0,"opName":"STOP"}
{"output":"","gasUsed":"0x0"}
{"stateRoot": "0x29b61d4a9a17907f5acd30f894cf844fa451dd8ac8c126256c8e9a4c9db49829"}
{"pc":0,"op":0,"gas":"0x0","gasCost":"0x0","memSize":0,"stack":[],"returnData":"0x","depth":1,"refund":0,"opName":"STOP"}
{"output":"","gasUsed":"0x0"}
{"stateRoot": "0x29b61d4a9a17907f5acd30f894cf844fa451dd8ac8c126256c8e9a4c9db49829"}
# WARNING:T8N:Transaction 0 failed: Insufficient gas
{"stateRoot": "0x70c42824108fafccadbfce71e6e22660c4fad89be18be324cd15ef351969a8c8"}
{"pc":0,"op":97,"gas":"0xe0","gasCost":"0x3","memSize":0,"stack":[],"returnData":"0x","depth":1,"refund":0,"opName":"PUSH2"}
{"pc":3,"op":96,"gas":"0xdd","gasCost":"0x3","memSize":0,"stack":["0x1"],"returnData":"0x","depth":1,"refund":0,"opName":"PUSH1"}
{"pc":5,"op":129,"gas":"0xda","gasCost":"0x3","memSize":0,"stack":["0x1","0x0"],"returnData":"0x","depth":1,"refund":0,"opName":"DUP2"}
{"pc":6,"op":96,"gas":"0xd7","gasCost":"0x3","memSize":0,"stack":["0x1","0x0","0x1"],"returnData":"0x","depth":1,"refund":0,"opName":"PUSH1"}
{"pc":8,"op":130,"gas":"0xd4","gasCost":"0x3","memSize":0,"stack":["0x1","0x0","0x1","0xb"],"returnData":"0x","depth":1,"refund":0,"opName":"DUP3"}
{"pc":9,"op":57,"gas":"0xd1","gasCost":"0x9","memSize":0,"stack":["0x1","0x0","0x1","0xb","0x0"],"returnData":"0x","depth":1,"refund":0,"opName":"CODECOPY"}
{"pc":10,"op":243,"gas":"0xc8","gasCost":"0x0","memory":"0x0000000000000000000000000000000000000000000000000000000000000000","memSize":32,"stack":["0x1","0x0"],"returnData":"0x","depth":1,"refund":0,"opName":"RETURN"}
{"output":"00","gasUsed":"0xe0"}
{"stateRoot": "0x002dbeb38ac5e4a0fa10f401912dac3ed018f6f974cfcd9c6952ebdf4903132b"}
{"pc":0,"op":97,"gas":"0x0","gasCost":"0x3","memSize":0,"stack":[],"returnData":"0x","depth":1,"refund":0,"opName":"PUSH2","error":"OutOfGasError"}
{"output":"","gasUsed":"0x0","error":"OutOfGasError"}
{"stateRoot": "0xb033ddfa8acb57d28a38f06a254a62551b55d74f6f7b8e897066bb8388e2327e"}
{"pc":0,"op":97,"gas":"0xdf","gasCost":"0x3","memSize":0,"stack":[],"returnData":"0x","depth":1,"refund":0,"opName":"PUSH2"}
{"pc":3,"op":96,"gas":"0xdc","gasCost":"0x3","memSize":0,"stack":["0x1"],"returnData":"0x","depth":1,"refund":0,"opName":"PUSH1"}
{"pc":5,"op":129,"gas":"0xd9","gasCost":"0x3","memSize":0,"stack":["0x1","0x0"],"returnData":"0x","depth":1,"refund":0,"opName":"DUP2"}
{"pc":6,"op":96,"gas":"0xd6","gasCost":"0x3","memSize":0,"stack":["0x1","0x0","0x1"],"returnData":"0x","depth":1,"refund":0,"opName":"PUSH1"}
{"pc":8,"op":130,"gas":"0xd3","gasCost":"0x3","memSize":0,"stack":["0x1","0x0","0x1","0xb"],"returnData":"0x","depth":1,"refund":0,"opName":"DUP3"}
{"pc":9,"op":57,"gas":"0xd0","gasCost":"0x9","memSize":0,"stack":["0x1","0x0","0x1","0xb","0x0"],"returnData":"0x","depth":1,"refund":0,"opName":"CODECOPY"}
{"pc":10,"op":243,"gas":"0xc7","gasCost":"0x0","memory":"0x0000000000000000000000000000000000000000000000000000000000000000","memSize":32,"stack":["0x1","0x0"],"returnData":"0x","depth":1,"refund":0,"opName":"RETURN"}
{"output":"","gasUsed":"0xdf","error":"OutOfGasError"}
{"stateRoot": "0xa6ce944a195342f842afe9ae6a21f2828ff886604800f0f2c60e37d82f281a30"}
# WARNING:T8N:Transaction 0 failed: Insufficient gas
{"stateRoot": "0x70c42824108fafccadbfce71e6e22660c4fad89be18be324cd15ef351969a8c8"}
{"pc":0,"op":97,"gas":"0xe0","gasCost":"0x3","memSize":0,"stack":[],"returnData":"0x","depth":1,"refund":0,"opName":"PUSH2"}
{"pc":3,"op":96,"gas":"0xdd","gasCost":"0x3","memSize":0,"stack":["0x1"],"returnData":"0x","depth":1,"refund":0,"opName":"PUSH1"}
{"pc":5,"op":129,"gas":"0xda","gasCost":"0x3","memSize":0,"stack":["0x1","0x0"],"returnData":"0x","depth":1,"refund":0,"opName":"DUP2"}
{"pc":6,"op":96,"gas":"0xd7","gasCost":"0x3","memSize":0,"stack":["0x1","0x0","0x1"],"returnData":"0x","depth":1,"refund":0,"opName":"PUSH1"}
{"pc":8,"op":130,"gas":"0xd4","gasCost":"0x3","memSize":0,"stack":["0x1","0x0","0x1","0xb"],"returnData":"0x","depth":1,"refund":0,"opName":"DUP3"}
{"pc":9,"op":57,"gas":"0xd1","gasCost":"0x9","memSize":0,"stack":["0x1","0x0","0x1","0xb","0x0"],"returnData":"0x","depth":1,"refund":0,"opName":"CODECOPY"}
{"pc":10,"op":243,"gas":"0xc8","gasCost":"0x0","memory":"0x0000000000000000000000000000000000000000000000000000000000000000","memSize":32,"stack":["0x1","0x0"],"returnData":"0x","depth":1,"refund":0,"opName":"RETURN"}
{"output":"00","gasUsed":"0xe0"}
{"stateRoot": "0x9142e41e0138a0e5e417263b3c014a2542ebd602c8dc30b9db21181a1177efb7"}
{"pc":0,"op":97,"gas":"0x0","gasCost":"0x3","memSize":0,"stack":[],"returnData":"0x","depth":1,"refund":0,"opName":"PUSH2","error":"OutOfGasError"}
{"output":"","gasUsed":"0x0","error":"OutOfGasError"}
{"stateRoot": "0xbfe093de7237a2af58c0d85cb69165e2b00dd700252772ce60ae602ca365d0e3"}
{"pc":0,"op":97,"gas":"0xdf","gasCost":"0x3","memSize":0,"stack":[],"returnData":"0x","depth":1,"refund":0,"opName":"PUSH2"}
{"pc":3,"op":96,"gas":"0xdc","gasCost":"0x3","memSize":0,"stack":["0x1"],"returnData":"0x","depth":1,"refund":0,"opName":"PUSH1"}
{"pc":5,"op":129,"gas":"0xd9","gasCost":"0x3","memSize":0,"stack":["0x1","0x0"],"returnData":"0x","depth":1,"refund":0,"opName":"DUP2"}
{"pc":6,"op":96,"gas":"0xd6","gasCost":"0x3","memSize":0,"stack":["0x1","0x0","0x1"],"returnData":"0x","depth":1,"refund":0,"opName":"PUSH1"}
{"pc":8,"op":130,"gas":"0xd3","gasCost":"0x3","memSize":0,"stack":["0x1","0x0","0x1","0xb"],"returnData":"0x","depth":1,"refund":0,"opName":"DUP3"}
{"pc":9,"op":57,"gas":"0xd0","gasCost":"0x9","memSize":0,"stack":["0x1","0x0","0x1","0xb","0x0"],"returnData":"0x","depth":1,"refund":0,"opName":"CODECOPY"}
{"pc":10,"op":243,"gas":"0xc7","gasCost":"0x0","memory":"0x0000000000000000000000000000000000000000000000000000000000000000","memSize":32,"stack":["0x1","0x0"],"returnData":"0x","depth":1,"refund":0,"opName":"RETURN"}
{"output":"","gasUsed":"0xdf","error":"OutOfGasError"}
{"stateRoot": "0xdabb3c94510ff95c95932898783186c0b1482b43655d095a954c50ee42cc25fc"}
# WARNING:T8N:Transaction 0 failed: Insufficient gas
{"stateRoot": "0x70c42824108fafccadbfce71e6e22660c4fad89be18be324cd15ef351969a8c8"}
{"pc":0,"op":97,"gas":"0xe0","gasCost":"0x3","memSize":0,"stack":[],"returnData":"0x","depth":1,"refund":0,"opName":"PUSH2"}
{"pc":3,"op":96,"gas":"0xdd","gasCost":"0x3","memSize":0,"stack":["0x1"],"returnData":"0x","depth":1,"refund":0,"opName":"PUSH1"}
{"pc":5,"op":129,"gas":"0xda","gasCost":"0x3","memSize":0,"stack":["0x1","0x0"],"returnData":"0x","depth":1,"refund":0,"opName":"DUP2"}
{"pc":6,"op":96,"gas":"0xd7","gasCost":"0x3","memSize":0,"stack":["0x1","0x0","0x1"],"returnData":"0x","depth":1,"refund":0,"opName":"PUSH1"}
{"pc":8,"op":130,"gas":"0xd4","gasCost":"0x3","memSize":0,"stack":["0x1","0x0","0x1","0xb"],"returnData":"0x","depth":1,"refund":0,"opName":"DUP3"}
{"pc":9,"op":57,"gas":"0xd1","gasCost":"0x9","memSize":0,"stack":["0x1","0x0","0x1","0xb","0x0"],"returnData":"0x","depth":1,"refund":0,"opName":"CODECOPY"}
{"pc":10,"op":243,"gas":"0xc8","gasCost":"0x0","memory":"0x0000000000000000000000000000000000000000000000000000000000000000","memSize":32,"stack":["0x1","0x0"],"returnData":"0x","depth":1,"refund":0,"opName":"RETURN"}
{"output":"00","gasUsed":"0xe0"}
{"stateRoot": "0x9c10c7001215d64d71bd02005d4c90ff60058dfd2e621fba08dbadbec0631a8e"}
{"pc":0,"op":97,"gas":"0x0","gasCost":"0x3","memSize":0,"stack":[],"returnData":"0x","depth":1,"refund":0,"opName":"PUSH2","error":"OutOfGasError"}
{"output":"","gasUsed":"0x0","error":"OutOfGasError"}
{"stateRoot": "0x578f1e2cd4dc3d211d72b4e8f1e808020df587f216cd4de6177c1a4ae8e498f2"}
{"pc":0,"op":97,"gas":"0xdf","gasCost":"0x3","memSize":0,"stack":[],"returnData":"0x","depth":1,"refund":0,"opName":"PUSH2"}
{"pc":3,"op":96,"gas":"0xdc","gasCost":"0x3","memSize":0,"stack":["0x1"],"returnData":"0x","depth":1,"refund":0,"opName":"PUSH1"}
{"pc":5,"op":129,"gas":"0xd9","gasCost":"0x3","memSize":0,"stack":["0x1","0x0"],"returnData":"0x","depth":1,"refund":0,"opName":"DUP2"}
{"pc":6,"op":96,"gas":"0xd6","gasCost":"0x3","memSize":0,"stack":["0x1","0x0","0x1"],"returnData":"0x","depth":1,"refund":0,"opName":"PUSH1"}
{"pc":8,"op":130,"gas":"0xd3","gasCost":"0x3","memSize":0,"stack":["0x1","0x0","0x1","0xb"],"returnData":"0x","depth":1,"refund":0,"opName":"DUP3"}
{"pc":9,"op":57,"gas":"0xd0","gasCost":"0x9","memSize":0,"stack":["0x1","0x0","0x1","0xb","0x0"],"returnData":"0x","depth":1,"refund":0,"opName":"CODECOPY"}
{"pc":10,"op":243,"gas":"0xc7","gasCost":"0x0","memory":"0x0000000000000000000000000000000000000000000000000000000000000000","memSize":32,"stack":["0x1","0x0"],"returnData":"0x","depth":1,"refund":0,"opName":"RETURN"}
{"output":"","gasUsed":"0xdf","error":"OutOfGasError"}
{"stateRoot": "0x95c05c65163e9d70790cf82233fb149c06757604c5ea885db888c16464bea7ed"}
# WARNING:T8N:Transaction 0 failed: Insufficient gas
{"stateRoot": "0x70c42824108fafccadbfce71e6e22660c4fad89be18be324cd15ef351969a8c8"}
{"pc":0,"op":97,"gas":"0xe0","gasCost":"0x3","memSize":0,"stack":[],"returnData":"0x","depth":1,"refund":0,"opName":"PUSH2"}
{"pc":3,"op":96,"gas":"0xdd","gasCost":"0x3","memSize":0,"stack":["0x1"],"returnData":"0x","depth":1,"refund":0,"opName":"PUSH1"}
{"pc":5,"op":129,"gas":"0xda","gasCost":"0x3","memSize":0,"stack":["0x1","0x0"],"returnData":"0x","depth":1,"refund":0,"opName":"DUP2"}
{"pc":6,"op":96,"gas":"0xd7","gasCost":"0x3","memSize":0,"stack":["0x1","0x0","0x1"],"returnData":"0x","depth":1,"refund":0,"opName":"PUSH1"}
{"pc":8,"op":130,"gas":"0xd4","gasCost":"0x3","memSize":0,"stack":["0x1","0x0","0x1","0xb"],"returnData":"0x","depth":1,"refund":0,"opName":"DUP3"}
{"pc":9,"op":57,"gas":"0xd1","gasCost":"0x9","memSize":0,"stack":["0x1","0x0","0x1","0xb","0x0"],"returnData":"0x","depth":1,"refund":0,"opName":"CODECOPY"}
{"pc":10,"op":243,"gas":"0xc8","gasCost":"0x0","memory":"0x0000000000000000000000000000000000000000000000000000000000000000","memSize":32,"stack":["0x1","0x0"],"returnData":"0x","depth":1,"refund":0,"opName":"RETURN"}
{"output":"00","gasUsed":"0xe0"}
{"stateRoot": "0x79a23fe49325fc47b6c3d1ef8852b7592a1903156ad6e19c9fb72c2a6aa66efd"}
{"pc":0,"op":97,"gas":"0x0","gasCost":"0x3","memSize":0,"stack":[],"returnData":"0x","depth":1,"refund":0,"opName":"PUSH2","error":"OutOfGasError"}
{"output":"","gasUsed":"0x0","error":"OutOfGasError"}
{"stateRoot": "0x134d311b8b850c664189b9a46f29cfd62e804e8ce1404aec45cfdabe5a5757cd"}
{"pc":0,"op":97,"gas":"0xdf","gasCost":"0x3","memSize":0,"stack":[],"returnData":"0x","depth":1,"refund":0,"opName":"PUSH2"}
{"pc":3,"op":96,"gas":"0xdc","gasCost":"0x3","memSize":0,"stack":["0x1"],"returnData":"0x","depth":1,"refund":0,"opName":"PUSH1"}
{"pc":5,"op":129,"gas":"0xd9","gasCost":"0x3","memSize":0,"stack":["0x1","0x0"],"returnData":"0x","depth":1,"refund":0,"opName":"DUP2"}
{"pc":6,"op":96,"gas":"0xd6","gasCost":"0x3","memSize":0,"stack":["0x1","0x0","0x1"],"returnData":"0x","depth":1,"refund":0,"opName":"PUSH1"}
{"pc":8,"op":130,"gas":"0xd3","gasCost":"0x3","memSize":0,"stack":["0x1","0x0","0x1","0xb"],"returnData":"0x","depth":1,"refund":0,"opName":"DUP3"}
{"pc":9,"op":57,"gas":"0xd0","gasCost":"0x9","memSize":0,"stack":["0x1","0x0","0x1","0xb","0x0"],"returnData":"0x","depth":1,"refund":0,"opName":"CODECOPY"}
{"pc":10,"op":243,"gas":"0xc7","gasCost":"0x0","memory":"0x0000000000000000000000000000000000000000000000000000000000000000","memSize":32,"stack":["0x1","0x0"],"returnData":"0x","depth":1,"refund":0,"opName":"RETURN"}
{"output":"","gasUsed":"0xdf","error":"OutOfGasError"}
{"stateRoot": "0x02df41f60aff371a7220c9e6ea91bd0d5e504b7fb762ac2e04083f2660c92c49"}
# WARNING:T8N:Transaction 0 failed: Insufficient gas
{"stateRoot": "0x70c42824108fafccadbfce71e6e22660c4fad89be18be324cd15ef351969a8c8"}
{"output":"","gasUsed":"0x0"}
{"stateRoot": "0x6aab55437a039c72d19076cbef0319b074e64483e9583a6bbd011187f8a6085e"}
{"output":"","gasUsed":"0x0"}
{"stateRoot": "0x6aab55437a039c72d19076cbef0319b074e64483e9583a6bbd011187f8a6085e"}
# WARNING:T8N:Transaction 0 failed: Insufficient gas
{"stateRoot": "0x70c42824108fafccadbfce71e6e22660c4fad89be18be324cd15ef351969a8c8"}
{"pc":0,"op":97,"gas":"0xe0","gasCost":"0x3","memSize":0,"stack":[],"returnData":"0x","depth":1,"refund":0,"opName":"PUSH2"}
{"pc":3,"op":96,"gas":"0xdd","gasCost":"0x3","memSize":0,"stack":["0x1"],"returnData":"0x","depth":1,"refund":0,"opName":"PUSH1"}
{"pc":5,"op":129,"gas":"0xda","gasCost":"0x3","memSize":0,"stack":["0x1","0x0"],"returnData":"0x","depth":1,"refund":0,"opName":"DUP2"}
{"pc":6,"op":96,"gas":"0xd7","gasCost":"0x3","memSize":0,"stack":["0x1","0x0","0x1"],"returnData":"0x","depth":1,"refund":0,"opName":"PUSH1"}
{"pc":8,"op":130,"gas":"0xd4","gasCost":"0x3","memSize":0,"stack":["0x1","0x0","0x1","0xb"],"returnData":"0x","depth":1,"refund":0,"opName":"DUP3"}
{"pc":9,"op":57,"gas":"0xd1","gasCost":"0x9","memSize":0,"stack":["0x1","0x0","0x1","0xb","0x0"],"returnData":"0x","depth":1,"refund":0,"opName":"CODECOPY"}
{"pc":10,"op":243,"gas":"0xc8","gasCost":"0x0","memory":"0x0000000000000000000000000000000000000000000000000000000000000000","memSize":32,"stack":["0x1","0x0"],"returnData":"0x","depth":1,"refund":0,"opName":"RETURN"}
{"output":"00","gasUsed":"0xe0"}
{"stateRoot": "0x60d356e3b89b0e2ea4c651d7f9b044d48c5444069a2aa12ccc40eec002b36fd3"}
{"pc":0,"op":97,"gas":"0x0","gasCost":"0x3","memSize":0,"stack":[],"returnData":"0x","depth":1,"refund":0,"opName":"PUSH2","error":"OutOfGasError"}
{"output":"","gasUsed":"0x0","error":"OutOfGasError"}
{"stateRoot": "0xc5455b936cfaa7967721c881fdfdabd98a85587520fa64d0cb531a885b3740fb"}
{"pc":0,"op":97,"gas":"0xdf","gasCost":"0x3","memSize":0,"stack":[],"returnData":"0x","depth":1,"refund":0,"opName":"PUSH2"}
{"pc":3,"op":96,"gas":"0xdc","gasCost":"0x3","memSize":0,"stack":["0x1"],"returnData":"0x","depth":1,"refund":0,"opName":"PUSH1"}
{"pc":5,"op":129,"gas":"0xd9","gasCost":"0x3","memSize":0,"stack":["0x1","0x0"],"returnData":"0x","depth":1,"refund":0,"opName":"DUP2"}
{"pc":6,"op":96,"gas":"0xd6","gasCost":"0x3","memSize":0,"stack":["0x1","0x0","0x1"],"returnData":"0x","depth":1,"refund":0,"opName":"PUSH1"}
{"pc":8,"op":130,"gas":"0xd3","gasCost":"0x3","memSize":0,"stack":["0x1","0x0","0x1","0xb"],"returnData":"0x","depth":1,"refund":0,"opName":"DUP3"}
{"pc":9,"op":57,"gas":"0xd0","gasCost":"0x9","memSize":0,"stack":["0x1","0x0","0x1","0xb","0x0"],"returnData":"0x","depth":1,"refund":0,"opName":"CODECOPY"}
{"pc":10,"op":243,"gas":"0xc7","gasCost":"0x0","memory":"0x0000000000000000000000000000000000000000000000000000000000000000","memSize":32,"stack":["0x1","0x0"],"returnData":"0x","depth":1,"refund":0,"opName":"RETURN"}
{"output":"","gasUsed":"0xdf","error":"OutOfGasError"}
{"stateRoot": "0x39cb4a81a24b751023b03ceb73ca85f62056b953102c4a41bb016a5d5fb2a7d2"}
# WARNING:T8N:Transaction 0 failed: Insufficient gas
{"stateRoot": "0x70c42824108fafccadbfce71e6e22660c4fad89be18be324cd15ef351969a8c8"}
{"pc":0,"op":97,"gas":"0xe0","gasCost":"0x3","memSize":0,"stack":[],"returnData":"0x","depth":1,"refund":0,"opName":"PUSH2"}
{"pc":3,"op":96,"gas":"0xdd","gasCost":"0x3","memSize":0,"stack":["0x1"],"returnData":"0x","depth":1,"refund":0,"opName":"PUSH1"}
{"pc":5,"op":129,"gas":"0xda","gasCost":"0x3","memSize":0,"stack":["0x1","0x0"],"returnData":"0x","depth":1,"refund":0,"opName":"DUP2"}
{"pc":6,"op":96,"gas":"0xd7","gasCost":"0x3","memSize":0,"stack":["0x1","0x0","0x1"],"returnData":"0x","depth":1,"refund":0,"opName":"PUSH1"}
{"pc":8,"op":130,"gas":"0xd4","gasCost":"0x3","memSize":0,"stack":["0x1","0x0","0x1","0xb"],"returnData":"0x","depth":1,"refund":0,"opName":"DUP3"}
{"pc":9,"op":57,"gas":"0xd1","gasCost":"0x9","memSize":0,"stack":["0x1","0x0","0x1","0xb","0x0"],"returnData":"0x","depth":1,"refund":0,"opName":"CODECOPY"}
{"pc":10,"op":243,"gas":"0xc8","gasCost":"0x0","memory":"0x0000000000000000000000000000000000000000000000000000000000000000","memSize":32,"stack":["0x1","0x0"],"returnData":"0x","depth":1,"refund":0,"opName":"RETURN"}
{"output":"00","gasUsed":"0xe0"}
{"stateRoot": "0xa75d4513b616285a12e892d3d043f16eb40bbdfb0d9a137af64d588b5f046d97"}
{"pc":0,"op":97,"gas":"0x0","gasCost":"0x3","memSize":0,"stack":[],"returnData":"0x","depth":1,"refund":0,"opName":"PUSH2","error":"OutOfGasError"}
{"output":"","gasUsed":"0x0","error":"OutOfGasError"}
{"stateRoot": "0xad9d2387237c77ac53e9a7d990a70b3ef86179e3aa0769605e458b8eccf6a900"}
{"pc":0,"op":97,"gas":"0xdf","gasCost":"0x3","memSize":0,"stack":[],"returnData":"0x","depth":1,"refund":0,"opName":"PUSH2"}
{"pc":3,"op":96,"gas":"0xdc","gasCost":"0x3","memSize":0,"stack":["0x1"],"returnData":"0x","depth":1,"refund":0,"opName":"PUSH1"}
{"pc":5,"op":129,"gas":"0xd9","gasCost":"0x3","memSize":0,"stack":["0x1","0x0"],"returnData":"0x","depth":1,"refund":0,"opName":"DUP2"}
{"pc":6,"op":96,"gas":"0xd6","gasCost":"0x3","memSize":0,"stack":["0x1","0x0","0x1"],"returnData":"0x","depth":1,"refund":0,"opName":"PUSH1"}
{"pc":8,"op":130,"gas":"0xd3","gasCost":"0x3","memSize":0,"stack":["0x1","0x0","0x1","0xb"],"returnData":"0x","depth":1,"refund":0,"opName":"DUP3"}
{"pc":9,"op":57,"gas":"0xd0","gasCost":"0x9","memSize":0,"stack":["0x1","0x0","0x1","0xb","0x0"],"returnData":"0x","depth":1,"refund":0,"opName":"CODECOPY"}
{"pc":10,"op":243,"gas":"0xc7","gasCost":"0x0","memory":"0x0000000000000000000000000000000000000000000000000000000000000000","memSize":32,"stack":["0x1","0x0"],"returnData":"0x","depth":1,"refund":0,"opName":"RETURN"}
{"output":"","gasUsed":"0xdf","error":"OutOfGasError"}
{"stateRoot": "0xf92667c3da89248672bd309fb4883d3d60e86630a914076407e1de623b444a11"}
# WARNING:T8N:Transaction 0 failed: Insufficient gas
{"stateRoot": "0x70c42824108fafccadbfce71e6e22660c4fad89be18be324cd15ef351969a8c8"}
{"pc":0,"op":0,"gas":"0x0","gasCost":"0x0","memSize":0,"stack":[],"returnData":"0x","depth":1,"refund":0,"opName":"STOP"}
{"output":"","gasUsed":"0x0"}
{"stateRoot": "0x29b61d4a9a17907f5acd30f894cf844fa451dd8ac8c126256c8e9a4c9db49829"}
{"pc":0,"op":0,"gas":"0x0","gasCost":"0x0","memSize":0,"stack":[],"returnData":"0x","depth":1,"refund":0,"opName":"STOP"}
{"output":"","gasUsed":"0x0"}
{"stateRoot": "0x29b61d4a9a17907f5acd30f894cf844fa451dd8ac8c126256c8e9a4c9db49829"}
# WARNING:T8N:Transaction 0 failed: Insufficient gas
{"stateRoot": "0x70c42824108fafccadbfce71e6e22660c4fad89be18be324cd15ef351969a8c8"}
{"pc":0,"op":97,"gas":"0xe0","gasCost":"0x3","memSize":0,"stack":[],"returnData":"0x","depth":1,"refund":0,"opName":"PUSH2"}
{"pc":3,"op":96,"gas":"0xdd","gasCost":"0x3","memSize":0,"stack":["0x1"],"returnData":"0x","depth":1,"refund":0,"opName":"PUSH1"}
{"pc":5,"op":129,"gas":"0xda","gasCost":"0x3","memSize":0,"stack":["0x1","0x0"],"returnData":"0x","depth":1,"refund":0,"opName":"DUP2"}
{"pc":6,"op":96,"gas":"0xd7","gasCost":"0x3","memSize":0,"stack":["0x1","0x0","0x1"],"returnData":"0x","depth":1,"refund":0,"opName":"PUSH1"}
{"pc":8,"op":130,"gas":"0xd4","gasCost":"0x3","memSize":0,"stack":["0x1","0x0","0x1","0xb"],"returnData":"0x","depth":1,"refund":0,"opName":"DUP3"}
{"pc":9,"op":57,"gas":"0xd1","gasCost":"0x9","memSize":0,"stack":["0x1","0x0","0x1","0xb","0x0"],"returnData":"0x","depth":1,"refund":0,"opName":"CODECOPY"}
{"pc":10,"op":243,"gas":"0xc8","gasCost":"0x0","memory":"0x0000000000000000000000000000000000000000000000000000000000000000","memSize":32,"stack":["0x1","0x0"],"returnData":"0x","depth":1,"refund":0,"opName":"RETURN"}
{"output":"00","gasUsed":"0xe0"}
{"stateRoot": "0x002dbeb38ac5e4a0fa10f401912dac3ed018f6f974cfcd9c6952ebdf4903132b"}
{"pc":0,"op":97,"gas":"0x0","gasCost":"0x3","memSize":0,"stack":[],"returnData":"0x","depth":1,"refund":0,"opName":"PUSH2","error":"OutOfGasError"}
{"output":"","gasUsed":"0x0","error":"OutOfGasError"}
{"stateRoot": "0xb033ddfa8acb57d28a38f06a254a62551b55d74f6f7b8e897066bb8388e2327e"}
{"pc":0,"op":97,"gas":"0xdf","gasCost":"0x3","memSize":0,"stack":[],"returnData":"0x","depth":1,"refund":0,"opName":"PUSH2"}
{"pc":3,"op":96,"gas":"0xdc","gasCost":"0x3","memSize":0,"stack":["0x1"],"returnData":"0x","depth":1,"refund":0,"opName":"PUSH1"}
{"pc":5,"op":129,"gas":"0xd9","gasCost":"0x3","memSize":0,"stack":["0x1","0x0"],"returnData":"0x","depth":1,"refund":0,"opName":"DUP2"}
{"pc":6,"op":96,"gas":"0xd6","gasCost":"0x3","memSize":0,"stack":["0x1","0x0","0x1"],"returnData":"0x","depth":1,"refund":0,"opName":"PUSH1"}
{"pc":8,"op":130,"gas":"0xd3","gasCost":"0x3","memSize":0,"stack":["0x1","0x0","0x1","0xb"],"returnData":"0x","depth":1,"refund":0,"opName":"DUP3"}
{"pc":9,"op":57,"gas":"0xd0","gasCost":"0x9","memSize":0,"stack":["0x1","0x0","0x1","0xb","0x0"],"returnData":"0x","depth":1,"refund":0,"opName":"CODECOPY"}
{"pc":10,"op":243,"gas":"0xc7","gasCost":"0x0","memory":"0x0000000000000000000000000000000000000000000000000000000000000000","memSize":32,"stack":["0x1","0x0"],"returnData":"0x","depth":1,"refund":0,"opName":"RETURN"}
{"output":"","gasUsed":"0xdf","error":"OutOfGasError"}
{"stateRoot": "0xa6ce944a195342f842afe9ae6a21f2828ff886604800f0f2c60e37d82f281a30"}
# WARNING:T8N:Transaction 0 failed: Insufficient gas
{"stateRoot": "0x70c42824108fafccadbfce71e6e22660c4fad89be18be324cd15ef351969a8c8"}
{"pc":0,"op":97,"gas":"0xe0","gasCost":"0x3","memSize":0,"stack":[],"returnData":"0x","depth":1,"refund":0,"opName":"PUSH2"}
{"pc":3,"op":96,"gas":"0xdd","gasCost":"0x3","memSize":0,"stack":["0x1"],"returnData":"0x","depth":1,"refund":0,"opName":"PUSH1"}
{"pc":5,"op":129,"gas":"0xda","gasCost":"0x3","memSize":0,"stack":["0x1","0x0"],"returnData":"0x","depth":1,"refund":0,"opName":"DUP2"}
{"pc":6,"op":96,"gas":"0xd7","gasCost":"0x3","memSize":0,"stack":["0x1","0x0","0x1"],"returnData":"0x","depth":1,"refund":0,"opName":"PUSH1"}
{"pc":8,"op":130,"gas":"0xd4","gasCost":"0x3","memSize":0,"stack":["0x1","0x0","0x1","0xb"],"returnData":"0x","depth":1,"refund":0,"opName":"DUP3"}
{"pc":9,"op":57,"gas":"0xd1","gasCost":"0x9","memSize":0,"stack":["0x1","0x0","0x1","0xb","0x0"],"returnData":"0x","depth":1,"refund":0,"opName":"CODECOPY"}
{"pc":10,"op":243,"gas":"0xc8","gasCost":"0x0","memory":"0x0000000000000000000000000000000000000000000000000000000000000000","memSize":32,"stack":["0x1","0x0"],"returnData":"0x","depth":1,"refund":0,"opName":"RETURN"}
{"output":"00","gasUsed":"0xe0"}
{"stateRoot": "0x9142e41e0138a0e5e417263b3c014a2542ebd602c8dc30b9db21181a1177efb7"}
{"pc":0,"op":97,"gas":"0x0","gasCost":"0x3","memSize":0,"stack":[],"returnData":"0x","depth":1,"refund":0,"opName":"PUSH2","error":"OutOfGasError"}
{"output":"","gasUsed":"0x0","error":"OutOfGasError"}
{"stateRoot": "0xbfe093de7237a2af58c0d85cb69165e2b00dd700252772ce60ae602ca365d0e3"}
{"pc":0,"op":97,"gas":"0xdf","gasCost":"0x3","memSize":0,"stack":[],"returnData":"0x","depth":1,"refund":0,"opName":"PUSH2"}
{"pc":3,"op":96,"gas":"0xdc","gasCost":"0x3","memSize":0,"stack":["0x1"],"returnData":"0x","depth":1,"refund":0,"opName":"PUSH1"}
{"pc":5,"op":129,"gas":"0xd9","gasCost":"0x3","memSize":0,"stack":["0x1","0x0"],"returnData":"0x","depth":1,"refund":0,"opName":"DUP2"}
{"pc":6,"op":96,"gas":"0xd6","gasCost":"0x3","memSize":0,"stack":["0x1","0x0","0x1"],"returnData":"0x","depth":1,"refund":0,"opName":"PUSH1"}
{"pc":8,"op":130,"gas":"0xd3","gasCost":"0x3","memSize":0,"stack":["0x1","0x0","0x1","0xb"],"returnData":"0x","depth":1,"refund":0,"opName":"DUP3"}
{"pc":9,"op":57,"gas":"0xd0","gasCost":"0x9","memSize":0,"stack":["0x1","0x0","0x1","0xb","0x0"],"returnData":"0x","depth":1,"refund":0,"opName":"CODECOPY"}
{"pc":10,"op":243,"gas":"0xc7","gasCost":"0x0","memory":"0x0000000000000000000000000000000000000000000000000000000000000000","memSize":32,"stack":["0x1","0x0"],"returnData":"0x","depth":1,"refund":0,"opName":"RETURN"}
{"output":"","gasUsed":"0xdf","error":"OutOfGasError"}
{"stateRoot": "0xdabb3c94510ff95c95932898783186c0b1482b43655d095a954c50ee42cc25fc"}
# WARNING:T8N:Transaction 0 failed: Insufficient gas
{"stateRoot": "0x70c42824108fafccadbfce71e6e22660c4fad89be18be324cd15ef351969a8c8"}
{"pc":0,"op":97,"gas":"0xe0","gasCost":"0x3","memSize":0,"stack":[],"returnData":"0x","depth":1,"refund":0,"opName":"PUSH2"}
{"pc":3,"op":96,"gas":"0xdd","gasCost":"0x3","memSize":0,"stack":["0x1"],"returnData":"0x","depth":1,"refund":0,"opName":"PUSH1"}
{"pc":5,"op":129,"gas":"0xda","gasCost":"0x3","memSize":0,"stack":["0x1","0x0"],"returnData":"0x","depth":1,"refund":0,"opName":"DUP2"}
{"pc":6,"op":96,"gas":"0xd7","gasCost":"0x3","memSize":0,"stack":["0x1","0x0","0x1"],"returnData":"0x","depth":1,"refund":0,"opName":"PUSH1"}
{"pc":8,"op":130,"gas":"0xd4","gasCost":"0x3","memSize":0,"stack":["0x1","0x0","0x1","0xb"],"returnData":"0x","depth":1,"refund":0,"opName":"DUP3"}
{"pc":9,"op":57,"gas":"0xd1","gasCost":"0x9","memSize":0,"stack":["0x1","0x0","0x1","0xb","0x0"],"returnData":"0x","depth":1,"refund":0,"opName":"CODECOPY"}
{"pc":10,"op":243,"gas":"0xc8","gasCost":"0x0","memory":"0x0000000000000000000000000000000000000000000000000000000000000000","memSize":32,"stack":["0x1","0x0"],"returnData":"0x","depth":1,"refund":0,"opName":"RETURN"}
{"output":"00","gasUsed":"0xe0"}
{"stateRoot": "0x9c10c7001215d64d71bd02005d4c90ff60058dfd2e621fba08dbadbec0631a8e"}
{"pc":0,"op":97,"gas":"0x0","gasCost":"0x3","memSize":0,"stack":[],"returnData":"0x","depth":1,"refund":0,"opName":"PUSH2","error":"OutOfGasError"}
{"output":"","gasUsed":"0x0","error":"OutOfGasError"}
{"stateRoot": "0x578f1e2cd4dc3d211d72b4e8f1e808020df587f216cd4de6177c1a4ae8e498f2"}
{"pc":0,"op":97,"gas":"0xdf","gasCost":"0x3","memSize":0,"stack":[],"returnData":"0x","depth":1,"refund":0,"opName":"PUSH2"}
{"pc":3,"op":96,"gas":"0xdc","gasCost":"0x3","memSize":0,"stack":["0x1"],"returnData":"0x","depth":1,"refund":0,"opName":"PUSH1"}
{"pc":5,"op":129,"gas":"0xd9","gasCost":"0x3","memSize":0,"stack":["0x1","0x0"],"returnData":"0x","depth":1,"refund":0,"opName":"DUP2"}
{"pc":6,"op":96,"gas":"0xd6","gasCost":"0x3","memSize":0,"stack":["0x1","0x0","0x1"],"returnData":"0x","depth":1,"refund":0,"opName":"PUSH1"}
{"pc":8,"op":130,"gas":"0xd3","gasCost":"0x3","memSize":0,"stack":["0x1","0x0","0x1","0xb"],"returnData":"0x","depth":1,"refund":0,"opName":"DUP3"}
{"pc":9,"op":57,"gas":"0xd0","gasCost":"0x9","memSize":0,"stack":["0x1","0x0","0x1","0xb","0x0"],"returnData":"0x","depth":1,"refund":0,"opName":"CODECOPY"}
{"pc":10,"op":243,"gas":"0xc7","gasCost":"0x0","memory":"0x0000000000000000000000000000000000000000000000000000000000000000","memSize":32,"stack":["0x1","0x0"],"returnData":"0x","depth":1,"refund":0,"opName":"RETURN"}
{"output":"","gasUsed":"0xdf","error":"OutOfGasError"}
{"stateRoot": "0x95c05c65163e9d70790cf82233fb149c06757604c5ea885db888c16464bea7ed"}
# WARNING:T8N:Transaction 0 failed: Insufficient gas
{"stateRoot": "0x70c42824108fafccadbfce71e6e22660c4fad89be18be324cd15ef351969a8c8"}
{"pc":0,"op":97,"gas":"0xe0","gasCost":"0x3","memSize":0,"stack":[],"returnData":"0x","depth":1,"refund":0,"opName":"PUSH2"}
{"pc":3,"op":96,"gas":"0xdd","gasCost":"0x3","memSize":0,"stack":["0x1"],"returnData":"0x","depth":1,"refund":0,"opName":"PUSH1"}
{"pc":5,"op":129,"gas":"0xda","gasCost":"0x3","memSize":0,"stack":["0x1","0x0"],"returnData":"0x","depth":1,"refund":0,"opName":"DUP2"}
{"pc":6,"op":96,"gas":"0xd7","gasCost":"0x3","memSize":0,"stack":["0x1","0x0","0x1"],"returnData":"0x","depth":1,"refund":0,"opName":"PUSH1"}
{"pc":8,"op":130,"gas":"0xd4","gasCost":"0x3","memSize":0,"stack":["0x1","0x0","0x1","0xb"],"returnData":"0x","depth":1,"refund":0,"opName":"DUP3"}
{"pc":9,"op":57,"gas":"0xd1","gasCost":"0x9","memSize":0,"stack":["0x1","0x0","0x1","0xb","0x0"],"returnData":"0x","depth":1,"refund":0,"opName":"CODECOPY"}
{"pc":10,"op":243,"gas":"0xc8","gasCost":"0x0","memory":"0x0000000000000000000000000000000000000000000000000000000000000000","memSize":32,"stack":["0x1","0x0"],"returnData":"0x","depth":1,"refund":0,"opName":"RETURN"}
{"output":"00","gasUsed":"0xe0"}
{"stateRoot": "0x79a23fe49325fc47b6c3d1ef8852b7592a1903156ad6e19c9fb72c2a6aa66efd"}
{"pc":0,"op":97,"gas":"0x0","gasCost":"0x3","memSize":0,"stack":[],"returnData":"0x","depth":1,"refund":0,"opName":"PUSH2","error":"OutOfGasError"}
{"output":"","gasUsed":"0x0","error":"OutOfGasError"}
{"stateRoot": "0x134d311b8b850c664189b9a46f29cfd62e804e8ce1404aec45cfdabe5a5757cd"}
{"pc":0,"op":97,"gas":"0xdf","gasCost":"0x3","memSize":0,"stack":[],"returnData":"0x","depth":1,"refund":0,"opName":"PUSH2"}
{"pc":3,"op":96,"gas":"0xdc","gasCost":"0x3","memSize":0,"stack":["0x1"],"returnData":"0x","depth":1,"refund":0,"opName":"PUSH1"}
{"pc":5,"op":129,"gas":"0xd9","gasCost":"0x3","memSize":0,"stack":["0x1","0x0"],"returnData":"0x","depth":1,"refund":0,"opName":"DUP2"}
{"pc":6,"op":96,"gas":"0xd6","gasCost":"0x3","memSize":0,"stack":["0x1","0x0","0x1"],"returnData":"0x","depth":1,"refund":0,"opName":"PUSH1"}
{"pc":8,"op":130,"gas":"0xd3","gasCost":"0x3","memSize":0,"stack":["0x1","0x0","0x1","0xb"],"returnData":"0x","depth":1,"refund":0,"opName":"DUP3"}
{"pc":9,"op":57,"gas":"0xd0","gasCost":"0x9","memSize":0,"stack":["0x1","0x0","0x1","0xb","0x0"],"returnData":"0x","depth":1,"refund":0,"opName":"CODECOPY"}
{"pc":10,"op":243,"gas":"0xc7","gasCost":"0x0","memory":"0x0000000000000000000000000000000000000000000000000000000000000000","memSize":32,"stack":["0x1","0x0"],"returnData":"0x","depth":1,"refund":0,"opName":"RETURN"}
{"output":"","gasUsed":"0xdf","error":"OutOfGasError"}
{"stateRoot": "0x02df41f60aff371a7220c9e6ea91bd0d5e504b7fb762ac2e04083f2660c92c49"}
# WARNING:T8N:Transaction 0 failed: Insufficient gas
{"stateRoot": "0x70c42824108fafccadbfce71e6e22660c4fad89be18be324cd15ef351969a8c8"}
{"output":"","gasUsed":"0x0"}
{"stateRoot": "0x6aab55437a039c72d19076cbef0319b074e64483e9583a6bbd011187f8a6085e"}
{"output":"","gasUsed":"0x0"}
{"stateRoot": "0x6aab55437a039c72d19076cbef0319b074e64483e9583a6bbd011187f8a6085e"}
# WARNING:T8N:Transaction 0 failed: Insufficient gas
{"stateRoot": "0x70c42824108fafccadbfce71e6e22660c4fad89be18be324cd15ef351969a8c8"}
{"pc":0,"op":97,"gas":"0xe0","gasCost":"0x3","memSize":0,"stack":[],"returnData":"0x","depth":1,"refund":0,"opName":"PUSH2"}
{"pc":3,"op":96,"gas":"0xdd","gasCost":"0x3","memSize":0,"stack":["0x1"],"returnData":"0x","depth":1,"refund":0,"opName":"PUSH1"}
{"pc":5,"op":129,"gas":"0xda","gasCost":"0x3","memSize":0,"stack":["0x1","0x0"],"returnData":"0x","depth":1,"refund":0,"opName":"DUP2"}
{"pc":6,"op":96,"gas":"0xd7","gasCost":"0x3","memSize":0,"stack":["0x1","0x0","0x1"],"returnData":"0x","depth":1,"refund":0,"opName":"PUSH1"}
{"pc":8,"op":130,"gas":"0xd4","gasCost":"0x3","memSize":0,"stack":["0x1","0x0","0x1","0xb"],"returnData":"0x","depth":1,"refund":0,"opName":"DUP3"}
{"pc":9,"op":57,"gas":"0xd1","gasCost":"0x9","memSize":0,"stack":["0x1","0x0","0x1","0xb","0x0"],"returnData":"0x","depth":1,"refund":0,"opName":"CODECOPY"}
{"pc":10,"op":243,"gas":"0xc8","gasCost":"0x0","memory":"0x0000000000000000000000000000000000000000000000000000000000000000","memSize":32,"stack":["0x1","0x0"],"returnData":"0x","depth":1,"refund":0,"opName":"RETURN"}
{"output":"00","gasUsed":"0xe0"}
{"stateRoot": "0x60d356e3b89b0e2ea4c651d7f9b044d48c5444069a2aa12ccc40eec002b36fd3"}
{"pc":0,"op":97,"gas":"0x0","gasCost":"0x3","memSize":0,"stack":[],"returnData":"0x","depth":1,"refund":0,"opName":"PUSH2","error":"OutOfGasError"}
{"output":"","gasUsed":"0x0","error":"OutOfGasError"}
{"stateRoot": "0xc5455b936cfaa7967721c881fdfdabd98a85587520fa64d0cb531a885b3740fb"}
{"pc":0,"op":97,"gas":"0xdf","gasCost":"0x3","memSize":0,"stack":[],"returnData":"0x","depth":1,"refund":0,"opName":"PUSH2"}
{"pc":3,"op":96,"gas":"0xdc","gasCost":"0x3","memSize":0,"stack":["0x1"],"returnData":"0x","depth":1,"refund":0,"opName":"PUSH1"}
{"pc":5,"op":129,"gas":"0xd9","gasCost":"0x3","memSize":0,"stack":["0x1","0x0"],"returnData":"0x","depth":1,"refund":0,"opName":"DUP2"}
{"pc":6,"op":96,"gas":"0xd6","gasCost":"0x3","memSize":0,"stack":["0x1","0x0","0x1"],"returnData":"0x","depth":1,"refund":0,"opName":"PUSH1"}
{"pc":8,"op":130,"gas":"0xd3","gasCost":"0x3","memSize":0,"stack":["0x1","0x0","0x1","0xb"],"returnData":"0x","depth":1,"refund":0,"opName":"DUP3"}
{"pc":9,"op":57,"gas":"0xd0","gasCost":"0x9","memSize":0,"stack":["0x1","0x0","0x1","0xb","0x0"],"returnData":"0x","depth":1,"refund":0,"opName":"CODECOPY"}
{"pc":10,"op":243,"gas":"0xc7","gasCost":"0x0","memory":"0x0000000000000000000000000000000000000000000000000000000000000000","memSize":32,"stack":["0x1","0x0"],"returnData":"0x","depth":1,"refund":0,"opName":"RETURN"}
{"output":"","gasUsed":"0xdf","error":"OutOfGasError"}
{"stateRoot": "0x39cb4a81a24b751023b03ceb73ca85f62056b953102c4a41bb016a5d5fb2a7d2"}
# WARNING:T8N:Transaction 0 failed: Insufficient gas
{"stateRoot": "0x70c42824108fafccadbfce71e6e22660c4fad89be18be324cd15ef351969a8c8"}
{"pc":0,"op":97,"gas":"0xe0","gasCost":"0x3","memSize":0,"stack":[],"returnData":"0x","depth":1,"refund":0,"opName":"PUSH2"}
{"pc":3,"op":96,"gas":"0xdd","gasCost":"0x3","memSize":0,"stack":["0x1"],"returnData":"0x","depth":1,"refund":0,"opName":"PUSH1"}
{"pc":5,"op":129,"gas":"0xda","gasCost":"0x3","memSize":0,"stack":["0x1","0x0"],"returnData":"0x","depth":1,"refund":0,"opName":"DUP2"}
{"pc":6,"op":96,"gas":"0xd7","gasCost":"0x3","memSize":0,"stack":["0x1","0x0","0x1"],"returnData":"0x","depth":1,"refund":0,"opName":"PUSH1"}
{"pc":8,"op":130,"gas":"0xd4","gasCost":"0x3","memSize":0,"stack":["0x1","0x0","0x1","0xb"],"returnData":"0x","depth":1,"refund":0,"opName":"DUP3"}
{"pc":9,"op":57,"gas":"0xd1","gasCost":"0x9","memSize":0,"stack":["0x1","0x0","0x1","0xb","0x0"],"returnData":"0x","depth":1,"refund":0,"opName":"CODECOPY"}
{"pc":10,"op":243,"gas":"0xc8","gasCost":"0x0","memory":"0x0000000000000000000000000000000000000000000000000000000000000000","memSize":32,"stack":["0x1","0x0"],"returnData":"0x","depth":1,"refund":0,"opName":"RETURN"}
{"output":"00","gasUsed":"0xe0"}
{"stateRoot": "0xa75d4513b616285a12e892d3d043f16eb40bbdfb0d9a137af64d588b5f046d97"}
{"pc":0,"op":97,"gas":"0x0","gasCost":"0x3","memSize":0,"stack":[],"returnData":"0x","depth":1,"refund":0,"opName":"PUSH2","error":"OutOfGasError"}
{"output":"","gasUsed":"0x0","error":"OutOfGasError"}
{"stateRoot": "0xad9d2387237c77ac53e9a7d990a70b3ef86179e3aa0769605e458b8eccf6a900"}
{"pc":0,"op":97,"gas":"0xdf","gasCost":"0x3","memSize":0,"stack":[],"returnData":"0x","depth":1,"refund":0,"opName":"PUSH2"}
{"pc":3,"op":96,"gas":"0xdc","gasCost":"0x3","memSize":0,"stack":["0x1"],"returnData":"0x","depth":1,"refund":0,"opName":"PUSH1"}
{"pc":5,"op":129,"gas":"0xd9","gasCost":"0x3","memSize":0,"stack":["0x1","0x0"],"returnData":"0x","depth":1,"refund":0,"opName":"DUP2"}
{"pc":6,"op":96,"gas":"0xd6","gasCost":"0x3","memSize":0,"stack":["0x1","0x0","0x1"],"returnData":"0x","depth":1,"refund":0,"opName":"PUSH1"}
{"pc":8,"op":130,"gas":"0xd3","gasCost":"0x3","memSize":0,"stack":["0x1","0x0","0x1","0xb"],"returnData":"0x","depth":1,"refund":0,"opName":"DUP3"}
{"pc":9,"op":57,"gas":"0xd0","gasCost":"0x9","memSize":0,"stack":["0x1","0x0","0x1","0xb","0x0"],"returnData":"0x","depth":1,"refund":0,"opName":"CODECOPY"}
{"pc":10,"op":243,"gas":"0xc7","gasCost":"0x0","memory":"0x0000000000000000000000000000000000000000000000000000000000000000","memSize":32,"stack":["0x1","0x0"],"returnData":"0x","depth":1,"refund":0,"opName":"RETURN"}
{"output":"","gasUsed":"0xdf","error":"OutOfGasError"}
{"stateRoot": "0xf92667c3da89248672bd309fb4883d3d60e86630a914076407e1de623b444a11"}
# WARNING:T8N:Transaction 0 failed: Insufficient gas
{"stateRoot": "0x70c42824108fafccadbfce71e6e22660c4fad89be18be324cd15ef351969a8c8"}
{"pc":0,"op":0,"gas":"0x0","gasCost":"0x0","memSize":0,"stack":[],"returnData":"0x","depth":1,"refund":0,"opName":"STOP"}
{"output":"","gasUsed":"0x0"}
{"stateRoot": "0x29b61d4a9a17907f5acd30f894cf844fa451dd8ac8c126256c8e9a4c9db49829"}
{"pc":0,"op":0,"gas":"0x0","gasCost":"0x0","memSize":0,"stack":[],"returnData":"0x","depth":1,"refund":0,"opName":"STOP"}
{"output":"","gasUsed":"0x0"}
{"stateRoot": "0x29b61d4a9a17907f5acd30f894cf844fa451dd8ac8c126256c8e9a4c9db49829"}
# WARNING:T8N:Transaction 0 failed: Insufficient gas
{"stateRoot": "0x70c42824108fafccadbfce71e6e22660c4fad89be18be324cd15ef351969a8c8"}
